-------------------------------------------------------------------------------
Test set: Parallel02IT
-------------------------------------------------------------------------------
Tests run: 1, Failures: 0, Errors: 1, Skipped: 0, Time elapsed: 0.035 sec <<< FAILURE! - in Parallel02IT
initializationError(Parallel02IT)  Time elapsed: 0.013 sec  <<< ERROR!
java.lang.IllegalArgumentException: Not a file or directory: /home/amura/Desktop/Data /hawkeyeselenium/resources/features/start.feature

